<?xml version="1.0" encoding="utf-8"?><testsuites name="pytest tests"><testsuite name="pytest" errors="0" failures="3" skipped="0" tests="23" time="6.362" timestamp="2026-09-05T06:48:19.057071+00:00" hostname="agent-env-2433dbc8-8476-4b21-8b1c-0d1f3d0dfed3"><testcase classname="tests.backend_test.TestCharts" name="test_list_charts" time="1.432" /><testcase classname="tests.backend_test.TestCharts" name="test_coin_chart_ranges" time="0.625" /><testcase classname="tests.backend_test.TestCharts" name="test_market_search" time="0.122" /><testcase classname="tests.backend_test.TestAdminAuth" name="test_login_success_sets_cookie" time="0.351" /><testcase classname="tests.backend_test.TestAdminAuth" name="test_login_wrong_password" time="0.279" /><testcase classname="tests.backend_test.TestAdminAuth" name="test_admin_me_requires_token" time="0.474" /><testcase classname="tests.backend_test.TestAdminAuth" name="test_bcrypt_hash_format" time="0.381" /><testcase classname="tests.backend_test.TestAdminCharts" name="test_add_chart_requires_auth" time="0.125" /><testcase classname="tests.backend_test.TestAdminCharts" name="test_delete_chart_requires_auth" time="0.106" /><testcase classname="tests.backend_test.TestAdminCharts" name="test_add_duplicate_unknown_and_delete" time="0.255"><failure message="AssertionError: {&quot;detail&quot;:&quot;Coin not found on CoinGecko&quot;}&#10;assert 404 == 200&#10; +  where 404 = &lt;Response [404]&gt;.status_code">tests/backend_test.py:145: in test_add_duplicate_unknown_and_delete
    assert r.status_code == 200, r.text[:300]
E   AssertionError: {"detail":"Coin not found on CoinGecko"}
E   assert 404 == 200
E    +  where 404 = &lt;Response [404]&gt;.status_code</failure></testcase><testcase classname="tests.backend_test.TestAdminCharts" name="test_delete_invalid_objectid" time="0.108"><failure message="AssertionError: got 500: Internal Server Error&#10;assert 500 in (400, 404, 422)&#10; +  where 500 = &lt;Response [500]&gt;.status_code">tests/backend_test.py:176: in test_delete_invalid_objectid
    assert r.status_code in (400, 404, 422), f"got {r.status_code}: {r.text[:200]}"
E   AssertionError: got 500: Internal Server Error
E   assert 500 in (400, 404, 422)
E    +  where 500 = &lt;Response [500]&gt;.status_code</failure></testcase><testcase classname="tests.backend_test.TestUserSpotWallet" name="test_01_init_user_seeded" time="0.065" /><testcase classname="tests.backend_test.TestUserSpotWallet" name="test_02_buy_eth" time="0.262"><failure message="AssertionError: assert 'ETHEREUM' == 'ETH'&#10;  &#10;  - ETH&#10;  + ETHEREUM">tests/backend_test.py:200: in test_02_buy_eth
    assert eth["symbol"] == "ETH"
E   AssertionError: assert 'ETHEREUM' == 'ETH'
E     
E     - ETH
E     + ETHEREUM</failure></testcase><testcase classname="tests.backend_test.TestUserSpotWallet" name="test_03_buy_insufficient" time="0.051" /><testcase classname="tests.backend_test.TestUserSpotWallet" name="test_04_buy_zero_amount" time="0.049" /><testcase classname="tests.backend_test.TestUserSpotWallet" name="test_05_sell_too_much" time="0.051" /><testcase classname="tests.backend_test.TestUserSpotWallet" name="test_06_sell_unheld_coin" time="0.047" /><testcase classname="tests.backend_test.TestUserSpotWallet" name="test_07_sell_half" time="0.452" /><testcase classname="tests.backend_test.TestUserSpotWallet" name="test_08_withdraw_usdt" time="0.295" /><testcase classname="tests.backend_test.TestUserSpotWallet" name="test_09_withdraw_over_balance" time="0.049" /><testcase classname="tests.backend_test.TestUserSpotWallet" name="test_10_withdraw_invalid_asset" time="0.047" /><testcase classname="tests.backend_test.TestUserSpotWallet" name="test_11_withdraw_holdings_not_possible" time="0.046" /><testcase classname="tests.backend_test.TestUserSpotWallet" name="test_12_transactions_newest_first" time="0.454" /></testsuite></testsuites>